Release 14.4 - xst P.49d (lin)
Copyright (c) 1995-2012 Xilinx, Inc.  All rights reserved.
--> 
Parameter TMPDIR set to xst/projnav.tmp


Total REAL time to Xst completion: 1.00 secs
Total CPU time to Xst completion: 0.07 secs
 
--> 
Parameter xsthdpdir set to xst


Total REAL time to Xst completion: 1.00 secs
Total CPU time to Xst completion: 0.07 secs
 
--> 
Reading design: composite.prj

TABLE OF CONTENTS
  1) Synthesis Options Summary
  2) HDL Parsing
  3) HDL Elaboration
  4) HDL Synthesis
       4.1) HDL Synthesis Report
  5) Advanced HDL Synthesis
       5.1) Advanced HDL Synthesis Report
  6) Low Level Synthesis
  7) Partition Report
  8) Design Summary
       8.1) Primitive and Black Box Usage
       8.2) Device utilization summary
       8.3) Partition Resource Summary
       8.4) Timing Report
            8.4.1) Clock Information
            8.4.2) Asynchronous Control Signals Information
            8.4.3) Timing Summary
            8.4.4) Timing Details
            8.4.5) Cross Clock Domains Report


=========================================================================
*                      Synthesis Options Summary                        *
=========================================================================
---- Source Parameters
Input File Name                    : "composite.prj"
Ignore Synthesis Constraint File   : NO

---- Target Parameters
Output File Name                   : "composite"
Output Format                      : NGC
Target Device                      : xc6slx9-3-tqg144

---- Source Options
Top Module Name                    : composite
Automatic FSM Extraction           : YES
FSM Encoding Algorithm             : Auto
Safe Implementation                : No
FSM Style                          : LUT
RAM Extraction                     : Yes
RAM Style                          : Auto
ROM Extraction                     : Yes
Shift Register Extraction          : YES
ROM Style                          : Auto
Resource Sharing                   : YES
Asynchronous To Synchronous        : NO
Shift Register Minimum Size        : 2
Use DSP Block                      : Auto
Automatic Register Balancing       : No

---- Target Options
LUT Combining                      : Auto
Reduce Control Sets                : Auto
Add IO Buffers                     : YES
Global Maximum Fanout              : 100000
Add Generic Clock Buffer(BUFG)     : 16
Register Duplication               : YES
Optimize Instantiated Primitives   : NO
Use Clock Enable                   : Auto
Use Synchronous Set                : Auto
Use Synchronous Reset              : Auto
Pack IO Registers into IOBs        : Auto
Equivalent register Removal        : YES

---- General Options
Optimization Goal                  : Speed
Optimization Effort                : 1
Power Reduction                    : NO
Keep Hierarchy                     : No
Netlist Hierarchy                  : As_Optimized
RTL Output                         : Yes
Global Optimization                : AllClockNets
Read Cores                         : YES
Write Timing Constraints           : NO
Cross Clock Analysis               : NO
Hierarchy Separator                : /
Bus Delimiter                      : <>
Case Specifier                     : Maintain
Slice Utilization Ratio            : 100
BRAM Utilization Ratio             : 100
DSP48 Utilization Ratio            : 100
Auto BRAM Packing                  : NO
Slice Utilization Ratio Delta      : 5

=========================================================================


=========================================================================
*                          HDL Parsing                                  *
=========================================================================
Parsing VHDL file "/home/main/fpga/delay/delay.vhd" into library work
Parsing entity <delay>.
Parsing architecture <Behavioral> of entity <delay>.
Parsing VHDL file "/home/main/fpga/delay/composite.vhd" into library work
Parsing entity <composite>.
Parsing architecture <Behavioral> of entity <composite>.

=========================================================================
*                            HDL Elaboration                            *
=========================================================================

Elaborating entity <composite> (architecture <Behavioral>) from library <work>.

Elaborating entity <delay> (architecture <Behavioral>) from library <work>.

=========================================================================
*                           HDL Synthesis                               *
=========================================================================

Synthesizing Unit <composite>.
    Related source file is "/home/main/fpga/delay/composite.vhd".
    Found 1-bit register for signal <led_buffer>.
    Summary:
	inferred   1 D-type flip-flop(s).
Unit <composite> synthesized.

Synthesizing Unit <delay>.
    Related source file is "/home/main/fpga/delay/delay.vhd".
WARNING:Xst:647 - Input <delay_clks> is never used. This port will be preserved and left unconnected if it belongs to a top-level block or it belongs to a sub-block and the hierarchy of this sub-block is preserved.
    Found 1-bit register for signal <clk_buffer>.
    Found 28-bit register for signal <counter>.
    Found 28-bit adder for signal <counter[27]_GND_5_o_add_1_OUT> created at line 31.
    Summary:
	inferred   1 Adder/Subtractor(s).
	inferred  29 D-type flip-flop(s).
Unit <delay> synthesized.

=========================================================================
HDL Synthesis Report

Macro Statistics
# Adders/Subtractors                                   : 1
 28-bit adder                                          : 1
# Registers                                            : 3
 1-bit register                                        : 2
 28-bit register                                       : 1

=========================================================================

=========================================================================
*                       Advanced HDL Synthesis                          *
=========================================================================


Synthesizing (advanced) Unit <delay>.
The following registers are absorbed into counter <counter>: 1 register on signal <counter>.
Unit <delay> synthesized (advanced).

=========================================================================
Advanced HDL Synthesis Report

Macro Statistics
# Counters                                             : 1
 28-bit up counter                                     : 1
# Registers                                            : 2
 Flip-Flops                                            : 2

=========================================================================

=========================================================================
*                         Low Level Synthesis                           *
=========================================================================

Optimizing unit <composite> ...

Mapping all equations...
Building and optimizing final netlist ...
Found area constraint ratio of 100 (+ 5) on block composite, actual ratio is 0.

Final Macro Processing ...

=========================================================================
Final Register Report

Macro Statistics
# Registers                                            : 30
 Flip-Flops                                            : 30

=========================================================================

=========================================================================
*                           Partition Report                            *
=========================================================================

Partition Implementation Status
-------------------------------

  No Partitions were found in this design.

-------------------------------

=========================================================================
*                            Design Summary                             *
=========================================================================

Top Level Output File Name         : composite.ngc

Primitive and Black Box Usage:
------------------------------
# BELS                             : 92
#      GND                         : 1
#      INV                         : 2
#      LUT1                        : 27
#      LUT4                        : 1
#      LUT6                        : 5
#      MUXCY                       : 27
#      VCC                         : 1
#      XORCY                       : 28
# FlipFlops/Latches                : 30
#      FDR                         : 30
# Clock Buffers                    : 1
#      BUFGP                       : 1
# IO Buffers                       : 2
#      IBUF                        : 1
#      OBUF                        : 1

Device utilization summary:
---------------------------

Selected Device : 6slx9tqg144-3 


Slice Logic Utilization: 
 Number of Slice Registers:              30  out of  11440     0%  
 Number of Slice LUTs:                   35  out of   5720     0%  
    Number used as Logic:                35  out of   5720     0%  

Slice Logic Distribution: 
 Number of LUT Flip Flop pairs used:     35
   Number with an unused Flip Flop:       5  out of     35    14%  
   Number with an unused LUT:             0  out of     35     0%  
   Number of fully used LUT-FF pairs:    30  out of     35    85%  
   Number of unique control sets:         2

IO Utilization: 
 Number of IOs:                           3
 Number of bonded IOBs:                   3  out of    102     2%  

Specific Feature Utilization:
 Number of BUFG/BUFGCTRLs:                1  out of     16     6%  

---------------------------
Partition Resource Summary:
---------------------------

  No Partitions were found in this design.

---------------------------


=========================================================================
Timing Report

NOTE: THESE TIMING NUMBERS ARE ONLY A SYNTHESIS ESTIMATE.
      FOR ACCURATE TIMING INFORMATION PLEASE REFER TO THE TRACE REPORT
      GENERATED AFTER PLACE-and-ROUTE.

Clock Information:
------------------
-----------------------------------+------------------------+-------+
Clock Signal                       | Clock buffer(FF name)  | Load  |
-----------------------------------+------------------------+-------+
my_delay/clk_buffer                | NONE(led_buffer)       | 1     |
clk                                | BUFGP                  | 29    |
-----------------------------------+------------------------+-------+
INFO:Xst:2169 - HDL ADVISOR - Some clock signals were not automatically buffered by XST with BUFG/BUFR resources. Please use the buffer_type constraint in order to insert these buffers to the clock signals to help prevent skew problems.

Asynchronous Control Signals Information:
----------------------------------------
No asynchronous control signals found in this design

Timing Summary:
---------------
Speed Grade: -3

   Minimum period: 2.763ns (Maximum Frequency: 361.912MHz)
   Minimum input arrival time before clock: 2.915ns
   Maximum output required time after clock: 3.634ns
   Maximum combinational path delay: No path found

Timing Details:
---------------
All values displayed in nanoseconds (ns)

=========================================================================
Timing constraint: Default period analysis for Clock 'my_delay/clk_buffer'
  Clock period: 1.950ns (frequency: 512.794MHz)
  Total number of paths / destination ports: 1 / 1
-------------------------------------------------------------------------
Delay:               1.950ns (Levels of Logic = 1)
  Source:            led_buffer (FF)
  Destination:       led_buffer (FF)
  Source Clock:      my_delay/clk_buffer rising
  Destination Clock: my_delay/clk_buffer rising

  Data Path: led_buffer to led_buffer
                                Gate     Net
    Cell:in->out      fanout   Delay   Delay  Logical Name (Net Name)
    ----------------------------------------  ------------
     FDR:C->Q              2   0.447   0.616  led_buffer (led_buffer)
     INV:I->O              1   0.206   0.579  led_buffer_INV_7_o1_INV_0 (led_buffer_INV_7_o)
     FDR:D                     0.102          led_buffer
    ----------------------------------------
    Total                      1.950ns (0.755ns logic, 1.195ns route)
                                       (38.7% logic, 61.3% route)

=========================================================================
Timing constraint: Default period analysis for Clock 'clk'
  Clock period: 2.763ns (frequency: 361.912MHz)
  Total number of paths / destination ports: 435 / 29
-------------------------------------------------------------------------
Delay:               2.763ns (Levels of Logic = 2)
  Source:            my_delay/counter_19 (FF)
  Destination:       my_delay/clk_buffer (FF)
  Source Clock:      clk rising
  Destination Clock: clk rising

  Data Path: my_delay/counter_19 to my_delay/clk_buffer
                                Gate     Net
    Cell:in->out      fanout   Delay   Delay  Logical Name (Net Name)
    ----------------------------------------  ------------
     FDR:C->Q              2   0.447   0.981  my_delay/counter_19 (my_delay/counter_19)
     LUT6:I0->O            1   0.203   0.827  my_delay/GND_5_o_counter[27]_equal_1_o<27>4 (my_delay/GND_5_o_counter[27]_equal_1_o<27>3)
     LUT6:I2->O            1   0.203   0.000  my_delay/clk_buffer_rstpot (my_delay/clk_buffer_rstpot)
     FDR:D                     0.102          my_delay/clk_buffer
    ----------------------------------------
    Total                      2.763ns (0.955ns logic, 1.808ns route)
                                       (34.6% logic, 65.4% route)

=========================================================================
Timing constraint: Default OFFSET IN BEFORE for Clock 'my_delay/clk_buffer'
  Total number of paths / destination ports: 1 / 1
-------------------------------------------------------------------------
Offset:              2.915ns (Levels of Logic = 1)
  Source:            rst (PAD)
  Destination:       led_buffer (FF)
  Destination Clock: my_delay/clk_buffer rising

  Data Path: rst to led_buffer
                                Gate     Net
    Cell:in->out      fanout   Delay   Delay  Logical Name (Net Name)
    ----------------------------------------  ------------
     IBUF:I->O            30   1.222   1.263  rst_IBUF (rst_IBUF)
     FDR:R                     0.430          led_buffer
    ----------------------------------------
    Total                      2.915ns (1.652ns logic, 1.263ns route)
                                       (56.7% logic, 43.3% route)

=========================================================================
Timing constraint: Default OFFSET IN BEFORE for Clock 'clk'
  Total number of paths / destination ports: 29 / 29
-------------------------------------------------------------------------
Offset:              2.915ns (Levels of Logic = 1)
  Source:            rst (PAD)
  Destination:       my_delay/counter_0 (FF)
  Destination Clock: clk rising

  Data Path: rst to my_delay/counter_0
                                Gate     Net
    Cell:in->out      fanout   Delay   Delay  Logical Name (Net Name)
    ----------------------------------------  ------------
     IBUF:I->O            30   1.222   1.263  rst_IBUF (rst_IBUF)
     FDR:R                     0.430          my_delay/counter_0
    ----------------------------------------
    Total                      2.915ns (1.652ns logic, 1.263ns route)
                                       (56.7% logic, 43.3% route)

=========================================================================
Timing constraint: Default OFFSET OUT AFTER for Clock 'my_delay/clk_buffer'
  Total number of paths / destination ports: 1 / 1
-------------------------------------------------------------------------
Offset:              3.634ns (Levels of Logic = 1)
  Source:            led_buffer (FF)
  Destination:       led (PAD)
  Source Clock:      my_delay/clk_buffer rising

  Data Path: led_buffer to led
                                Gate     Net
    Cell:in->out      fanout   Delay   Delay  Logical Name (Net Name)
    ----------------------------------------  ------------
     FDR:C->Q              2   0.447   0.616  led_buffer (led_buffer)
     OBUF:I->O                 2.571          led_OBUF (led)
    ----------------------------------------
    Total                      3.634ns (3.018ns logic, 0.616ns route)
                                       (83.0% logic, 17.0% route)

=========================================================================

Cross Clock Domains Report:
--------------------------

Clock to Setup on destination clock clk
---------------+---------+---------+---------+---------+
               | Src:Rise| Src:Fall| Src:Rise| Src:Fall|
Source Clock   |Dest:Rise|Dest:Rise|Dest:Fall|Dest:Fall|
---------------+---------+---------+---------+---------+
clk            |    2.763|         |         |         |
---------------+---------+---------+---------+---------+

Clock to Setup on destination clock my_delay/clk_buffer
-------------------+---------+---------+---------+---------+
                   | Src:Rise| Src:Fall| Src:Rise| Src:Fall|
Source Clock       |Dest:Rise|Dest:Rise|Dest:Fall|Dest:Fall|
-------------------+---------+---------+---------+---------+
my_delay/clk_buffer|    1.950|         |         |         |
-------------------+---------+---------+---------+---------+

=========================================================================


Total REAL time to Xst completion: 9.00 secs
Total CPU time to Xst completion: 7.94 secs
 
--> 


Total memory usage is 127268 kilobytes

Number of errors   :    0 (   0 filtered)
Number of warnings :    1 (   0 filtered)
Number of infos    :    1 (   0 filtered)

